
> csv-crud-client@0.1.0 start
> react-scripts start

(node:1636) [DEP0176] DeprecationWarning: fs.F_OK is deprecated, use fs.constants.F_OK instead
(Use `node --trace-deprecation ...` to show where the warning was created)
(node:1636) [DEP_WEBPACK_DEV_SERVER_ON_AFTER_SETUP_MIDDLEWARE] DeprecationWarning: 'onAfterSetupMiddleware' option is deprecated. Please use the 'setupMiddlewares' option.
(node:1636) [DEP_WEBPACK_DEV_SERVER_ON_BEFORE_SETUP_MIDDLEWARE] DeprecationWarning: 'onBeforeSetupMiddleware' option is deprecated. Please use the 'setupMiddlewares' option.
Starting the development server...

Compiled successfully!

You can now view csv-crud-client in the browser.

  Local:            http://localhost:3000
  On Your Network:  http://192.168.1.87:3000

Note that the development build is not optimized.
To create a production build, use npm run build.

webpack compiled successfully
Files successfully emitted, waiting for typecheck results...
Issues checking in progress...
(node:1636) [DEP0060] DeprecationWarning: The `util._extend` API is deprecated. Please use Object.assign() instead.
No issues found.
Compiling...
Compiled successfully!
webpack compiled successfully
ERROR in src/components/FileList.tsx
TS1208: 'FileList.tsx' cannot be compiled under '--isolatedModules' because it is considered a global script file. Add an import, export, or an empty 'export {}' statement to make it a module.

Compiling...
Compiled successfully!
webpack compiled successfully
No issues found.
